{"/Users/yeyan2/Desktop/YBG-cli/src/compile/compileByRemark.ts": {"path":"/Users/yeyan2/Desktop/YBG-cli/src/compile/compileByRemark.ts","statementMap":{"0":{"start":{"line":16,"column":2},"end":{"line":24,"column":4}},"1":{"start":{"line":17,"column":12},"end":{"line":17,"column":13}},"2":{"start":{"line":18,"column":4},"end":{"line":23,"column":7}},"3":{"start":{"line":19,"column":6},"end":{"line":22,"column":7}},"4":{"start":{"line":20,"column":8},"end":{"line":20,"column":35}},"5":{"start":{"line":21,"column":8},"end":{"line":21,"column":12}},"6":{"start":{"line":28,"column":2},"end":{"line":35,"column":4}},"7":{"start":{"line":29,"column":4},"end":{"line":34,"column":7}},"8":{"start":{"line":30,"column":6},"end":{"line":33,"column":7}},"9":{"start":{"line":32,"column":8},"end":{"line":32,"column":61}},"10":{"start":{"line":39,"column":2},"end":{"line":46,"column":4}},"11":{"start":{"line":40,"column":4},"end":{"line":45,"column":7}},"12":{"start":{"line":41,"column":6},"end":{"line":44,"column":7}},"13":{"start":{"line":43,"column":8},"end":{"line":43,"column":29}},"14":{"start":{"line":49,"column":20},"end":{"line":57,"column":25}},"15":{"start":{"line":59,"column":17},"end":{"line":59,"column":49}},"16":{"start":{"line":60,"column":2},"end":{"line":60,"column":27}}},"fnMap":{"0":{"name":"conpileValue","decl":{"start":{"line":15,"column":9},"end":{"line":15,"column":21}},"loc":{"start":{"line":15,"column":21},"end":{"line":25,"column":1}}},"1":{"name":"(anonymous_8)","decl":{"start":{"line":16,"column":9},"end":{"line":16,"column":10}},"loc":{"start":{"line":16,"column":23},"end":{"line":24,"column":3}}},"2":{"name":"(anonymous_9)","decl":{"start":{"line":18,"column":24},"end":{"line":18,"column":25}},"loc":{"start":{"line":18,"column":40},"end":{"line":23,"column":5}}},"3":{"name":"handleImgSrc","decl":{"start":{"line":27,"column":9},"end":{"line":27,"column":21}},"loc":{"start":{"line":27,"column":21},"end":{"line":36,"column":1}}},"4":{"name":"(anonymous_11)","decl":{"start":{"line":28,"column":9},"end":{"line":28,"column":10}},"loc":{"start":{"line":28,"column":23},"end":{"line":35,"column":3}}},"5":{"name":"(anonymous_12)","decl":{"start":{"line":29,"column":27},"end":{"line":29,"column":28}},"loc":{"start":{"line":29,"column":36},"end":{"line":34,"column":5}}},"6":{"name":"fixOlBug","decl":{"start":{"line":38,"column":9},"end":{"line":38,"column":17}},"loc":{"start":{"line":38,"column":17},"end":{"line":47,"column":1}}},"7":{"name":"(anonymous_14)","decl":{"start":{"line":39,"column":9},"end":{"line":39,"column":10}},"loc":{"start":{"line":39,"column":23},"end":{"line":46,"column":3}}},"8":{"name":"(anonymous_15)","decl":{"start":{"line":40,"column":27},"end":{"line":40,"column":28}},"loc":{"start":{"line":40,"column":36},"end":{"line":45,"column":5}}},"9":{"name":"compileByRemark","decl":{"start":{"line":48,"column":22},"end":{"line":48,"column":37}},"loc":{"start":{"line":48,"column":53},"end":{"line":61,"column":null}}}},"branchMap":{"0":{"loc":{"start":{"line":19,"column":6},"end":{"line":22,"column":7}},"type":"if","locations":[{"start":{"line":19,"column":6},"end":{"line":22,"column":7}}]},"1":{"loc":{"start":{"line":19,"column":10},"end":{"line":19,"column":43}},"type":"binary-expr","locations":[{"start":{"line":19,"column":10},"end":{"line":19,"column":20}},{"start":{"line":19,"column":24},"end":{"line":19,"column":43}}]},"2":{"loc":{"start":{"line":30,"column":6},"end":{"line":33,"column":7}},"type":"if","locations":[{"start":{"line":30,"column":6},"end":{"line":33,"column":7}}]},"3":{"loc":{"start":{"line":41,"column":6},"end":{"line":44,"column":7}},"type":"if","locations":[{"start":{"line":41,"column":6},"end":{"line":44,"column":7}}]}},"s":{"0":1,"1":1,"2":1,"3":145,"4":145,"5":145,"6":1,"7":1,"8":188,"9":0,"10":1,"11":1,"12":188,"13":1,"14":1,"15":1,"16":1},"f":{"0":1,"1":1,"2":145,"3":1,"4":1,"5":188,"6":1,"7":1,"8":188,"9":1},"b":{"0":[145],"1":[145,145],"2":[0],"3":[1]}}
}
