TN:
SF:src/compile/compileByRemark.ts
FN:15,conpileValue
FN:16,(anonymous_8)
FN:18,(anonymous_9)
FN:27,handleImgSrc
FN:28,(anonymous_11)
FN:29,(anonymous_12)
FN:38,fixOlBug
FN:39,(anonymous_14)
FN:40,(anonymous_15)
FN:48,compileByRemark
FNF:10
FNH:10
FNDA:1,conpileValue
FNDA:1,(anonymous_8)
FNDA:145,(anonymous_9)
FNDA:1,handleImgSrc
FNDA:1,(anonymous_11)
FNDA:188,(anonymous_12)
FNDA:1,fixOlBug
FNDA:1,(anonymous_14)
FNDA:188,(anonymous_15)
FNDA:1,compileByRemark
DA:16,1
DA:17,1
DA:18,1
DA:19,145
DA:20,145
DA:21,145
DA:28,1
DA:29,1
DA:30,188
DA:32,0
DA:39,1
DA:40,1
DA:41,188
DA:43,1
DA:49,1
DA:59,1
DA:60,1
LF:17
LH:16
BRDA:19,0,0,145
BRDA:19,1,0,145
BRDA:19,1,1,145
BRDA:30,2,0,0
BRDA:41,3,0,1
BRF:5
BRH:4
end_of_record
